2022-06-23 07:11:17,649 ERROR 14288 [-/127.0.0.1/-/8ms GET /] nodejs.Error: Please set config.keys first
    at Application.get keys [as keys] (G:\Test\egg\node_modules\egg\lib\application.js:266:15)
    at Object.get cookies [as cookies] (G:\Test\egg\node_modules\egg\app\extend\context.js:23:66)
    at Object.get [egg-security#CSRF_SECRET] (G:\Test\egg\node_modules\egg-security\app\extend\context.js:91:35)
    at Object.ensureCsrfSecret (G:\Test\egg\node_modules\egg-security\app\extend\context.js:104:13)
    at csrf (G:\Test\egg\node_modules\egg-security\lib\middlewares\csrf.js:15:11)
    at dispatch (G:\Test\egg\node_modules\egg-security\node_modules\koa-compose\index.js:42:32)
    at G:\Test\egg\node_modules\egg-security\node_modules\koa-compose\index.js:34:12
    at dispatch (G:\Test\egg\node_modules\koa\node_modules\koa-compose\index.js:42:32)
    at session (G:\Test\egg\node_modules\koa-session\index.js:41:13)
    at dispatch (G:\Test\egg\node_modules\koa\node_modules\koa-compose\index.js:42:32)

pid: 14288
hostname: DESKTOP-1932J1T

2022-06-23 10:46:50,544 ERROR 11360 [-/127.0.0.1/-/3ms GET /] nodejs.Template render error: (E:\Projects\test\egg\app\view\index.html) [Line 11, Column 14]
  unknown block tag: message
  unknown block tag: message
    at Object._prettifyError (E:\Projects\test\egg\node_modules\nunjucks\src\lib.js:36:11)
    at Template.render (E:\Projects\test\egg\node_modules\nunjucks\src\environment.js:538:21)
    at E:\Projects\test\egg\node_modules\nunjucks\src\environment.js:366:27
    at createTemplate (E:\Projects\test\egg\node_modules\nunjucks\src\environment.js:315:9)
    at handle (E:\Projects\test\egg\node_modules\nunjucks\src\environment.js:327:11)
    at E:\Projects\test\egg\node_modules\nunjucks\src\environment.js:339:9
    at next (E:\Projects\test\egg\node_modules\nunjucks\src\lib.js:328:7)
    at Object.asyncIter (E:\Projects\test\egg\node_modules\nunjucks\src\lib.js:334:3)
    at NunjucksEnvironment.getTemplate (E:\Projects\test\egg\node_modules\nunjucks\src\environment.js:321:9)
    at NunjucksEnvironment.render (E:\Projects\test\egg\node_modules\nunjucks\src\environment.js:360:10)
name: "Template render error"
pid: 11360
hostname: DESKTOP-6V13IDS

2022-06-23 10:47:32,673 ERROR 1256 [-/127.0.0.1/-/13ms GET /] nodejs.Template render error: (E:\Projects\test\egg\app\view\index.html) [Line 11, Column 14]
  unknown block tag: message
  unknown block tag: message
    at Object._prettifyError (E:\Projects\test\egg\node_modules\nunjucks\src\lib.js:36:11)
    at Template.render (E:\Projects\test\egg\node_modules\nunjucks\src\environment.js:538:21)
    at E:\Projects\test\egg\node_modules\nunjucks\src\environment.js:366:27
    at createTemplate (E:\Projects\test\egg\node_modules\nunjucks\src\environment.js:315:9)
    at handle (E:\Projects\test\egg\node_modules\nunjucks\src\environment.js:327:11)
    at E:\Projects\test\egg\node_modules\nunjucks\src\environment.js:339:9
    at next (E:\Projects\test\egg\node_modules\nunjucks\src\lib.js:328:7)
    at Object.asyncIter (E:\Projects\test\egg\node_modules\nunjucks\src\lib.js:334:3)
    at NunjucksEnvironment.getTemplate (E:\Projects\test\egg\node_modules\nunjucks\src\environment.js:321:9)
    at NunjucksEnvironment.render (E:\Projects\test\egg\node_modules\nunjucks\src\environment.js:360:10)
name: "Template render error"
pid: 1256
hostname: DESKTOP-6V13IDS

2022-06-23 10:47:36,532 ERROR 1256 [-/127.0.0.1/-/3ms GET /] nodejs.Template render error: (E:\Projects\test\egg\app\view\index.html) [Line 11, Column 14]
  unknown block tag: message
  unknown block tag: message
    at Object._prettifyError (E:\Projects\test\egg\node_modules\nunjucks\src\lib.js:36:11)
    at Template.render (E:\Projects\test\egg\node_modules\nunjucks\src\environment.js:538:21)
    at E:\Projects\test\egg\node_modules\nunjucks\src\environment.js:366:27
    at createTemplate (E:\Projects\test\egg\node_modules\nunjucks\src\environment.js:315:9)
    at handle (E:\Projects\test\egg\node_modules\nunjucks\src\environment.js:327:11)
    at E:\Projects\test\egg\node_modules\nunjucks\src\environment.js:339:9
    at next (E:\Projects\test\egg\node_modules\nunjucks\src\lib.js:328:7)
    at Object.asyncIter (E:\Projects\test\egg\node_modules\nunjucks\src\lib.js:334:3)
    at NunjucksEnvironment.getTemplate (E:\Projects\test\egg\node_modules\nunjucks\src\environment.js:321:9)
    at NunjucksEnvironment.render (E:\Projects\test\egg\node_modules\nunjucks\src\environment.js:360:10)
name: "Template render error"
pid: 1256
hostname: DESKTOP-6V13IDS

