2022-06-23 07:11:14,508 INFO 14288 [egg:logger] init all loggers with options: {"dir":"G:\\Test\\egg\\logs\\egg","encoding":"utf8","env":"local","level":"INFO","consoleLevel":"INFO","disableConsoleAfterReady":false,"outputJSON":false,"buffer":true,"appLogName":"egg-web.log","coreLogName":"egg-web.log","agentLogName":"egg-agent.log","errorLogName":"common-error.log","coreLogger":{"consoleLevel":"WARN"},"allowDebugAtProd":false,"enablePerformanceTimer":false,"type":"application"}
2022-06-23 07:11:14,561 INFO 14288 [egg-multipart] stream mode enable
2022-06-23 07:11:14,746 INFO 14288 [egg-static] starting static serve /public/ -> G:\Test\egg\app\public
2022-06-23 07:11:14,751 INFO 14288 [egg-security] use csrf middleware
2022-06-23 07:11:14,752 INFO 14288 [egg-security] use methodnoallow middleware
2022-06-23 07:11:14,754 INFO 14288 [egg-security] use noopen middleware
2022-06-23 07:11:14,755 INFO 14288 [egg-security] use nosniff middleware
2022-06-23 07:11:14,756 INFO 14288 [egg-security] use xssProtection middleware
2022-06-23 07:11:14,757 INFO 14288 [egg-security] use xframe middleware
2022-06-23 07:11:14,758 INFO 14288 [egg-security] use dta middleware
2022-06-23 07:11:14,758 INFO 14288 [egg-security] compose 7 middlewares into one security middleware
2022-06-23 07:11:14,777 INFO 14288 [egg:core] dump config after load, 12ms
2022-06-23 07:11:14,802 INFO 14288 [egg-watcher:application] watcher start success
2022-06-23 07:11:14,815 INFO 14288 [egg:core] dump config after ready, 9ms
2022-06-23 07:11:17,651 ERROR 14288 [-/127.0.0.1/-/8ms GET /] nodejs.Error: Please set config.keys first
    at Application.get keys [as keys] (G:\Test\egg\node_modules\egg\lib\application.js:266:15)
    at Object.get cookies [as cookies] (G:\Test\egg\node_modules\egg\app\extend\context.js:23:66)
    at Object.get [egg-security#CSRF_SECRET] (G:\Test\egg\node_modules\egg-security\app\extend\context.js:91:35)
    at Object.ensureCsrfSecret (G:\Test\egg\node_modules\egg-security\app\extend\context.js:104:13)
    at csrf (G:\Test\egg\node_modules\egg-security\lib\middlewares\csrf.js:15:11)
    at dispatch (G:\Test\egg\node_modules\egg-security\node_modules\koa-compose\index.js:42:32)
    at G:\Test\egg\node_modules\egg-security\node_modules\koa-compose\index.js:34:12
    at dispatch (G:\Test\egg\node_modules\koa\node_modules\koa-compose\index.js:42:32)
    at session (G:\Test\egg\node_modules\koa-session\index.js:41:13)
    at dispatch (G:\Test\egg\node_modules\koa\node_modules\koa-compose\index.js:42:32)

pid: 14288
hostname: DESKTOP-1932J1T

